This is pTeXk, Version 3.141592-p3.1.10 (sjis) (Web2C 7.5.6) (format=platex 2007.4.12)  5 MAR 2008 15:58
 Source specials enabled.
**manual.tex
(./manual.tex
pLaTeX2e <2006/11/10>+0 (based on LaTeX2e <2005/12/01> patch level 0)
Babel <v3.8h> and hyphenation patterns for english, usenglishmax, ukenglish, ba
sque, bulgarian, coptic, welsh, czech, slovak, german, ngerman, danish, spanish
, catalan, estonian, finnish, french, irish, polygreek, monogreek, ancientgreek
, croatian, hungarian, interlingua, ibycus, bahasa, icelandic, italian, latin, 
mongolian, dutch, norsk, polish, portuguese, pinyin, romanian, russian, samin, 
slovene, usorbian, serbian, swedish, turkish, ukrainian, dumylang, nohyphenatio
n, loaded.
(d:/usr/local/bin/share/texmf/ptex/platex/base/jarticle.cls
Document Class: jarticle 2006/06/27 v1.6 Standard pLaTeX class
\c@@paper=\count81
(d:/usr/local/bin/share/texmf/ptex/platex/base/jsize10.clo
File: jsize10.clo 2006/06/27 v1.6 Standard pLaTeX file (size option)
)
\c@part=\count82
\c@section=\count83
\c@subsection=\count84
\c@subsubsection=\count85
\c@paragraph=\count86
\c@subparagraph=\count87
\c@figure=\count88
\c@table=\count89
\abovecaptionskip=\skip41
\belowcaptionskip=\skip42
\symmincho=\mathgroup4
LaTeX Font Info:    Overwriting symbol font `mincho' in version `bold'
(Font)                  JY1/mc/m/n --> JY1/gt/m/n on input line 601.
\toclineskip=\dimen118
\@lnumwidth=\dimen119
\bibindent=\dimen120
\heisei=\count90
)
(d:/usr/local/bin/share/texmf/tex/latex/graphics/graphicx.sty
Package: graphicx 1999/02/16 v1.0f Enhanced LaTeX Graphics (DPC,SPQR)

(d:/usr/local/bin/share/texmf/tex/latex/graphics/keyval.sty
Package: keyval 1999/03/16 v1.13 key=value parser (DPC)
\KV@toks@=\toks15
)
(d:/usr/local/bin/share/texmf/tex/latex/graphics/graphics.sty
Package: graphics 2006/02/20 v1.0o Standard LaTeX Graphics (DPC,SPQR)

(d:/usr/local/bin/share/texmf/tex/latex/graphics/trig.sty
Package: trig 1999/03/16 v1.09 sin cos tan (DPC)
)
(d:/usr/local/bin/share/texmf/tex/latex/config/graphics.cfg)
Package graphics Info: Driver file: dvips.def on input line 90.

(d:/usr/local/bin/share/texmf/tex/latex/graphics/dvips.def
File: dvips.def 1999/02/16 v3.0i Driver-dependant file (DPC,SPQR)
))
\Gin@req@height=\dimen121
\Gin@req@width=\dimen122
) (./manual.aux
(./introduction.aux) (./summary.aux) (./external_spec.aux) (./internal_spec.aux
) (./task.aux) (./history.aux))
\openout1 = `manual.aux'.

LaTeX Font Info:    Checking defaults for OML/cmm/m/it on input line 22.
LaTeX Font Info:    ... okay on input line 22.
LaTeX Font Info:    Checking defaults for T1/cmr/m/n on input line 22.
LaTeX Font Info:    ... okay on input line 22.
LaTeX Font Info:    Checking defaults for OT1/cmr/m/n on input line 22.
LaTeX Font Info:    ... okay on input line 22.
LaTeX Font Info:    Checking defaults for OMS/cmsy/m/n on input line 22.
LaTeX Font Info:    ... okay on input line 22.
LaTeX Font Info:    Checking defaults for OMX/cmex/m/n on input line 22.
LaTeX Font Info:    ... okay on input line 22.
LaTeX Font Info:    Checking defaults for U/cmr/m/n on input line 22.
LaTeX Font Info:    ... okay on input line 22.
LaTeX Font Info:    Checking defaults for JY1/mc/m/n on input line 22.
LaTeX Font Info:    ... okay on input line 22.
LaTeX Font Info:    Checking defaults for JT1/mc/m/n on input line 22.
LaTeX Font Info:    ... okay on input line 22.
LaTeX Font Info:    External font `cmex10' loaded for size
(Font)              <12> on input line 23.
LaTeX Font Info:    External font `cmex10' loaded for size
(Font)              <8> on input line 23.
LaTeX Font Info:    External font `cmex10' loaded for size
(Font)              <6> on input line 23.
LaTeX Font Info:    Font shape `JT1/mc/bx/n' in size <14.4> not available
(Font)              Font shape `JT1/gt/m/n' tried instead on input line 25.
LaTeX Font Info:    Font shape `JY1/mc/bx/n' in size <14.4> not available
(Font)              Font shape `JY1/gt/m/n' tried instead on input line 25.
 (./manual.toc
LaTeX Font Info:    Font shape `JT1/mc/bx/n' in size <10> not available
(Font)              Font shape `JT1/gt/m/n' tried instead on input line 1.
LaTeX Font Info:    Font shape `JY1/mc/bx/n' in size <10> not available
(Font)              Font shape `JY1/gt/m/n' tried instead on input line 1.
LaTeX Font Info:    External font `cmex10' loaded for size
(Font)              <7> on input line 3.
LaTeX Font Info:    External font `cmex10' loaded for size
(Font)              <5> on input line 3.
 [1

])
\tf@toc=\write3
\openout3 = `manual.toc'.

 [2]
\openout2 = `introduction.aux'.

 (./introduction.tex)
[3

]
\openout2 = `summary.aux'.

 (./summary.tex
LaTeX Font Info:    Font shape `JT1/mc/bx/n' in size <12> not available
(Font)              Font shape `JT1/gt/m/n' tried instead on input line 3.
LaTeX Font Info:    Font shape `JY1/mc/bx/n' in size <12> not available
(Font)              Font shape `JY1/gt/m/n' tried instead on input line 3.
 [4


]
Overfull \hbox (22.99615pt too wide) in paragraph at lines 69--69
[]\OT1/cmtt/m/n/10 # ruby extconf.rb --with-xslt-lib=/usr/lib/ --with-xslt-incl
ude=/usr/include/libxslt[] 
 []

[5]
LaTeX Font Info:    Try loading font information for OMS+cmr on input line 111.

 (d:/usr/local/bin/share/texmf/tex/latex/base/omscmr.fd
File: omscmr.fd 1999/05/25 v2.5h Standard LaTeX font definitions
)
LaTeX Font Info:    Font shape `OMS/cmr/m/n' in size <10> not available
(Font)              Font shape `OMS/cmsy/m/n' tried instead on input line 111.
) [6]
\openout2 = `external_spec.aux'.


(./external_spec.tex [7


] [8]) [9]
\openout2 = `internal_spec.aux'.

 (./internal_spec.tex [10


] [11] [12]
Overfull \hbox (26.219pt too wide) in paragraph at lines 162--162
 \OT1/cmtt/m/n/10 ID, "ques_pass" => \JY1/mc/m/n/10 評価用閾値\OT1/cmtt/m/n/10 
, "ques_type" => \JY1/mc/m/n/10 問題形式\OT1/cmtt/m/n/10 , "selection_type" => 
\JY1/mc/m/n/10 出
 []


Overfull \hbox (38.07458pt too wide) in paragraph at lines 162--162
 \JY1/mc/m/n/10 題形式\OT1/cmtt/m/n/10 , "ques_correct" => \JY1/mc/m/n/10 履歴
を考慮した出題\OT1/cmtt/m/n/10 , "time" => \JY1/mc/m/n/10 出題時間\OT1/cmtt/m/n
/10 , "test_key" => \JY1/mc/m/n/10 出
 []

[13] [14] [15]
Overfull \hbox (66.57985pt too wide) in paragraph at lines 325--325
 []\OT1/cmtt/m/n/10 {"chk_selection" => \JY1/mc/m/n/10 選んだ選択肢\OT1/cmtt/m/
n/10 , "eval_result" => \JY1/mc/m/n/10 取得したポイント \OT1/cmtt/m/n/10 "crct_
weight" => \JY1/mc/m/n/10 正
 []


Overfull \hbox (19.06923pt too wide) in paragraph at lines 325--325
 \JY1/mc/m/n/10 解の重みの合計値\OT1/cmtt/m/n/10 , "incrct_weight" => \JY1/mc/m
/n/10 不正解の重みの合計値\OT1/cmtt/m/n/10 , "total_weight" => \JY1/mc/m/n/10 
重
 []


Overfull \hbox (22.61354pt too wide) in paragraph at lines 325--325
 \JY1/mc/m/n/10 みの合計値\OT1/cmtt/m/n/10 , "eval_pkey" => \JY1/mc/m/n/10 問題
 \OT1/cmtt/m/n/10 ID, "time" => \JY1/mc/m/n/10 評価した時間\OT1/cmtt/m/n/10 , "
total_point" => \JY1/mc/m/n/10 正
 []

[16] [17] [18]) [19] [20]
\openout2 = `task.aux'.

 (./task.tex) [21


]
\openout2 = `history.aux'.

 (./history.tex) [22


] (./manual.aux
(./introduction.aux) (./summary.aux) (./external_spec.aux) (./internal_spec.aux
) (./task.aux) (./history.aux)) ) 
Here is how much of TeX's memory you used:
 675 strings out of 94481
 8093 string characters out of 1174924
 62386 words of memory out of 1500000
 4015 multiletter control sequences out of 10000+50000
 13871 words of font info for 54 fonts, out of 2000000 for 2000
 679 hyphenation exceptions out of 8191
 25i,8n,21p,306b,484s stack positions out of 3000i,500n,5000p,200000b,5000s

Output written on manual.dvi (22 pages, 69636 bytes).
